[1.816s] Invoking command in '/home/alesha/ros2/ros2_ws/build/led_control': PYTHONPATH=/home/alesha/ros2/ros2_ws/build/led_control/prefix_override:/usr/lib/python3/dist-packages/colcon_core/task/python/colcon_distutils_commands:/home/alesha/ros2/ros2_ws/install/led_control/lib/python3.12/site-packages:${PYTHONPATH} /usr/bin/python3 -W ignore:setup.py install is deprecated -W ignore:easy_install command is deprecated setup.py develop --editable --build-directory /home/alesha/ros2/ros2_ws/build/led_control/build --no-deps symlink_data
[2.503s] running develop
[2.925s] running egg_info
[2.925s] creating led_control.egg-info
[2.959s] writing led_control.egg-info/PKG-INFO
[2.961s] writing dependency_links to led_control.egg-info/dependency_links.txt
[2.963s] writing entry points to led_control.egg-info/entry_points.txt
[2.964s] writing requirements to led_control.egg-info/requires.txt
[2.965s] writing top-level names to led_control.egg-info/top_level.txt
[2.967s] writing manifest file 'led_control.egg-info/SOURCES.txt'
[3.038s] reading manifest file 'led_control.egg-info/SOURCES.txt'
[3.039s] writing manifest file 'led_control.egg-info/SOURCES.txt'
[3.081s] running build_ext
[3.082s] Creating /home/alesha/ros2/ros2_ws/install/led_control/lib/python3.12/site-packages/led-control.egg-link (link to .)
[3.082s] Installing led_node script to /home/alesha/ros2/ros2_ws/install/led_control/lib/led_control
[3.082s] 
[3.082s] Installed /home/alesha/ros2/ros2_ws/build/led_control
[3.082s] running symlink_data
[3.082s] creating /home/alesha/ros2/ros2_ws/install/led_control/share/ament_index
[3.082s] creating /home/alesha/ros2/ros2_ws/install/led_control/share/ament_index/resource_index
[3.083s] creating /home/alesha/ros2/ros2_ws/install/led_control/share/ament_index/resource_index/packages
[3.083s] symbolically linking /home/alesha/ros2/ros2_ws/build/led_control/resource/led_control -> /home/alesha/ros2/ros2_ws/install/led_control/share/ament_index/resource_index/packages
[3.083s] symbolically linking /home/alesha/ros2/ros2_ws/build/led_control/package.xml -> /home/alesha/ros2/ros2_ws/install/led_control/share/led_control
[3.223s] Invoked command in '/home/alesha/ros2/ros2_ws/build/led_control' returned '0': PYTHONPATH=/home/alesha/ros2/ros2_ws/build/led_control/prefix_override:/usr/lib/python3/dist-packages/colcon_core/task/python/colcon_distutils_commands:/home/alesha/ros2/ros2_ws/install/led_control/lib/python3.12/site-packages:${PYTHONPATH} /usr/bin/python3 -W ignore:setup.py install is deprecated -W ignore:easy_install command is deprecated setup.py develop --editable --build-directory /home/alesha/ros2/ros2_ws/build/led_control/build --no-deps symlink_data
