[0.130s] DEBUG:colcon:Command line arguments: ['/usr/bin/colcon', 'build', '--symlink-install']
[0.131s] DEBUG:colcon:Parsed command line arguments: Namespace(log_base=None, log_level=None, verb_name='build', build_base='build', install_base='install', merge_install=False, symlink_install=True, test_result_base=None, continue_on_error=False, executor='parallel', parallel_workers=4, event_handlers=None, ignore_user_meta=False, metas=['./colcon.meta'], base_paths=['.'], packages_ignore=None, packages_ignore_regex=None, paths=None, packages_up_to=None, packages_up_to_regex=None, packages_above=None, packages_above_and_dependencies=None, packages_above_depth=None, packages_select_by_dep=None, packages_skip_by_dep=None, packages_skip_up_to=None, packages_select_build_failed=False, packages_skip_build_finished=False, packages_select_test_failures=False, packages_skip_test_passed=False, packages_select=None, packages_skip=None, packages_select_regex=None, packages_skip_regex=None, packages_start=None, packages_end=None, cmake_args=None, cmake_target=None, cmake_target_skip_unavailable=False, cmake_clean_cache=False, cmake_clean_first=False, cmake_force_configure=False, ament_cmake_args=None, catkin_cmake_args=None, catkin_skip_building_tests=False, verb_parser=<colcon_defaults.argument_parser.defaults.DefaultArgumentsDecorator object at 0xffff8aaefb60>, verb_extension=<colcon_core.verb.build.BuildVerb object at 0xffff8aa13c20>, main=<bound method BuildVerb.main of <colcon_core.verb.build.BuildVerb object at 0xffff8aa13c20>>)
[0.194s] Level 1:colcon.colcon_core.package_discovery:discover_packages(colcon_meta) check parameters
[0.194s] Level 1:colcon.colcon_core.package_discovery:discover_packages(recursive) check parameters
[0.194s] Level 1:colcon.colcon_core.package_discovery:discover_packages(ignore) check parameters
[0.194s] Level 1:colcon.colcon_core.package_discovery:discover_packages(path) check parameters
[0.194s] Level 1:colcon.colcon_core.package_discovery:discover_packages(colcon_meta) discover
[0.194s] Level 1:colcon.colcon_core.package_discovery:discover_packages(recursive) discover
[0.194s] INFO:colcon.colcon_core.package_discovery:Crawling recursively for packages in '/home/alesha/ros2/ros2_ws'
[0.195s] Level 1:colcon.colcon_core.package_identification:_identify(.) by extensions ['ignore', 'ignore_ament_install']
[0.195s] Level 1:colcon.colcon_core.package_identification:_identify(.) by extension 'ignore'
[0.195s] Level 1:colcon.colcon_core.package_identification:_identify(.) by extension 'ignore_ament_install'
[0.195s] Level 1:colcon.colcon_core.package_identification:_identify(.) by extensions ['colcon_pkg']
[0.195s] Level 1:colcon.colcon_core.package_identification:_identify(.) by extension 'colcon_pkg'
[0.195s] Level 1:colcon.colcon_core.package_identification:_identify(.) by extensions ['colcon_meta']
[0.195s] Level 1:colcon.colcon_core.package_identification:_identify(.) by extension 'colcon_meta'
[0.195s] Level 1:colcon.colcon_core.package_identification:_identify(.) by extensions ['ros']
[0.195s] Level 1:colcon.colcon_core.package_identification:_identify(.) by extension 'ros'
[0.231s] Level 1:colcon.colcon_core.package_identification:_identify(.) by extensions ['cmake', 'python']
[0.231s] Level 1:colcon.colcon_core.package_identification:_identify(.) by extension 'cmake'
[0.231s] Level 1:colcon.colcon_core.package_identification:_identify(.) by extension 'python'
[0.231s] Level 1:colcon.colcon_core.package_identification:_identify(.) by extensions ['python_setup_py']
[0.231s] Level 1:colcon.colcon_core.package_identification:_identify(.) by extension 'python_setup_py'
[0.232s] Level 1:colcon.colcon_core.package_identification:_identify(build) by extensions ['ignore', 'ignore_ament_install']
[0.232s] Level 1:colcon.colcon_core.package_identification:_identify(build) by extension 'ignore'
[0.232s] Level 1:colcon.colcon_core.package_identification:_identify(build) ignored
[0.232s] Level 1:colcon.colcon_core.package_identification:_identify(install) by extensions ['ignore', 'ignore_ament_install']
[0.232s] Level 1:colcon.colcon_core.package_identification:_identify(install) by extension 'ignore'
[0.232s] Level 1:colcon.colcon_core.package_identification:_identify(install) ignored
[0.232s] Level 1:colcon.colcon_core.package_identification:_identify(log) by extensions ['ignore', 'ignore_ament_install']
[0.232s] Level 1:colcon.colcon_core.package_identification:_identify(log) by extension 'ignore'
[0.232s] Level 1:colcon.colcon_core.package_identification:_identify(log) ignored
[0.232s] Level 1:colcon.colcon_core.package_identification:_identify(src) by extensions ['ignore', 'ignore_ament_install']
[0.233s] Level 1:colcon.colcon_core.package_identification:_identify(src) by extension 'ignore'
[0.233s] Level 1:colcon.colcon_core.package_identification:_identify(src) by extension 'ignore_ament_install'
[0.233s] Level 1:colcon.colcon_core.package_identification:_identify(src) by extensions ['colcon_pkg']
[0.233s] Level 1:colcon.colcon_core.package_identification:_identify(src) by extension 'colcon_pkg'
[0.233s] Level 1:colcon.colcon_core.package_identification:_identify(src) by extensions ['colcon_meta']
[0.233s] Level 1:colcon.colcon_core.package_identification:_identify(src) by extension 'colcon_meta'
[0.233s] Level 1:colcon.colcon_core.package_identification:_identify(src) by extensions ['ros']
[0.233s] Level 1:colcon.colcon_core.package_identification:_identify(src) by extension 'ros'
[0.233s] Level 1:colcon.colcon_core.package_identification:_identify(src) by extensions ['cmake', 'python']
[0.233s] Level 1:colcon.colcon_core.package_identification:_identify(src) by extension 'cmake'
[0.233s] Level 1:colcon.colcon_core.package_identification:_identify(src) by extension 'python'
[0.233s] Level 1:colcon.colcon_core.package_identification:_identify(src) by extensions ['python_setup_py']
[0.233s] Level 1:colcon.colcon_core.package_identification:_identify(src) by extension 'python_setup_py'
[0.233s] Level 1:colcon.colcon_core.package_identification:_identify(src/robot_bringup) by extensions ['ignore', 'ignore_ament_install']
[0.233s] Level 1:colcon.colcon_core.package_identification:_identify(src/robot_bringup) by extension 'ignore'
[0.233s] Level 1:colcon.colcon_core.package_identification:_identify(src/robot_bringup) by extension 'ignore_ament_install'
[0.233s] Level 1:colcon.colcon_core.package_identification:_identify(src/robot_bringup) by extensions ['colcon_pkg']
[0.233s] Level 1:colcon.colcon_core.package_identification:_identify(src/robot_bringup) by extension 'colcon_pkg'
[0.233s] Level 1:colcon.colcon_core.package_identification:_identify(src/robot_bringup) by extensions ['colcon_meta']
[0.234s] Level 1:colcon.colcon_core.package_identification:_identify(src/robot_bringup) by extension 'colcon_meta'
[0.234s] Level 1:colcon.colcon_core.package_identification:_identify(src/robot_bringup) by extensions ['ros']
[0.234s] Level 1:colcon.colcon_core.package_identification:_identify(src/robot_bringup) by extension 'ros'
[0.237s] DEBUG:colcon.colcon_core.package_identification:Package 'src/robot_bringup' with type 'ros.ament_python' and name 'robot_bringup'
[0.237s] Level 1:colcon.colcon_core.package_identification:_identify(src/robot_hardware) by extensions ['ignore', 'ignore_ament_install']
[0.237s] Level 1:colcon.colcon_core.package_identification:_identify(src/robot_hardware) by extension 'ignore'
[0.237s] Level 1:colcon.colcon_core.package_identification:_identify(src/robot_hardware) by extension 'ignore_ament_install'
[0.237s] Level 1:colcon.colcon_core.package_identification:_identify(src/robot_hardware) by extensions ['colcon_pkg']
[0.237s] Level 1:colcon.colcon_core.package_identification:_identify(src/robot_hardware) by extension 'colcon_pkg'
[0.237s] Level 1:colcon.colcon_core.package_identification:_identify(src/robot_hardware) by extensions ['colcon_meta']
[0.237s] Level 1:colcon.colcon_core.package_identification:_identify(src/robot_hardware) by extension 'colcon_meta'
[0.237s] Level 1:colcon.colcon_core.package_identification:_identify(src/robot_hardware) by extensions ['ros']
[0.237s] Level 1:colcon.colcon_core.package_identification:_identify(src/robot_hardware) by extension 'ros'
[0.237s] Level 1:colcon.colcon_core.package_identification:_identify(src/robot_hardware) by extensions ['cmake', 'python']
[0.237s] Level 1:colcon.colcon_core.package_identification:_identify(src/robot_hardware) by extension 'cmake'
[0.237s] Level 1:colcon.colcon_core.package_identification:_identify(src/robot_hardware) by extension 'python'
[0.237s] Level 1:colcon.colcon_core.package_identification:_identify(src/robot_hardware) by extensions ['python_setup_py']
[0.238s] Level 1:colcon.colcon_core.package_identification:_identify(src/robot_hardware) by extension 'python_setup_py'
[0.238s] Level 1:colcon.colcon_core.package_identification:_identify(src/robot_hardware/led_control) by extensions ['ignore', 'ignore_ament_install']
[0.238s] Level 1:colcon.colcon_core.package_identification:_identify(src/robot_hardware/led_control) by extension 'ignore'
[0.238s] Level 1:colcon.colcon_core.package_identification:_identify(src/robot_hardware/led_control) by extension 'ignore_ament_install'
[0.238s] Level 1:colcon.colcon_core.package_identification:_identify(src/robot_hardware/led_control) by extensions ['colcon_pkg']
[0.238s] Level 1:colcon.colcon_core.package_identification:_identify(src/robot_hardware/led_control) by extension 'colcon_pkg'
[0.238s] Level 1:colcon.colcon_core.package_identification:_identify(src/robot_hardware/led_control) by extensions ['colcon_meta']
[0.238s] Level 1:colcon.colcon_core.package_identification:_identify(src/robot_hardware/led_control) by extension 'colcon_meta'
[0.238s] Level 1:colcon.colcon_core.package_identification:_identify(src/robot_hardware/led_control) by extensions ['ros']
[0.238s] Level 1:colcon.colcon_core.package_identification:_identify(src/robot_hardware/led_control) by extension 'ros'
[0.239s] DEBUG:colcon.colcon_core.package_identification:Package 'src/robot_hardware/led_control' with type 'ros.ament_python' and name 'led_control'
[0.239s] Level 1:colcon.colcon_core.package_identification:_identify(src/robot_ui_backend) by extensions ['ignore', 'ignore_ament_install']
[0.239s] Level 1:colcon.colcon_core.package_identification:_identify(src/robot_ui_backend) by extension 'ignore'
[0.239s] Level 1:colcon.colcon_core.package_identification:_identify(src/robot_ui_backend) by extension 'ignore_ament_install'
[0.239s] Level 1:colcon.colcon_core.package_identification:_identify(src/robot_ui_backend) by extensions ['colcon_pkg']
[0.239s] Level 1:colcon.colcon_core.package_identification:_identify(src/robot_ui_backend) by extension 'colcon_pkg'
[0.239s] Level 1:colcon.colcon_core.package_identification:_identify(src/robot_ui_backend) by extensions ['colcon_meta']
[0.239s] Level 1:colcon.colcon_core.package_identification:_identify(src/robot_ui_backend) by extension 'colcon_meta'
[0.239s] Level 1:colcon.colcon_core.package_identification:_identify(src/robot_ui_backend) by extensions ['ros']
[0.239s] Level 1:colcon.colcon_core.package_identification:_identify(src/robot_ui_backend) by extension 'ros'
[0.239s] Level 1:colcon.colcon_core.package_identification:_identify(src/robot_ui_backend) by extensions ['cmake', 'python']
[0.239s] Level 1:colcon.colcon_core.package_identification:_identify(src/robot_ui_backend) by extension 'cmake'
[0.239s] Level 1:colcon.colcon_core.package_identification:_identify(src/robot_ui_backend) by extension 'python'
[0.239s] Level 1:colcon.colcon_core.package_identification:_identify(src/robot_ui_backend) by extensions ['python_setup_py']
[0.239s] Level 1:colcon.colcon_core.package_identification:_identify(src/robot_ui_backend) by extension 'python_setup_py'
[0.239s] Level 1:colcon.colcon_core.package_identification:_identify(src/robot_ui_backend/web_led) by extensions ['ignore', 'ignore_ament_install']
[0.240s] Level 1:colcon.colcon_core.package_identification:_identify(src/robot_ui_backend/web_led) by extension 'ignore'
[0.240s] Level 1:colcon.colcon_core.package_identification:_identify(src/robot_ui_backend/web_led) by extension 'ignore_ament_install'
[0.240s] Level 1:colcon.colcon_core.package_identification:_identify(src/robot_ui_backend/web_led) by extensions ['colcon_pkg']
[0.240s] Level 1:colcon.colcon_core.package_identification:_identify(src/robot_ui_backend/web_led) by extension 'colcon_pkg'
[0.240s] Level 1:colcon.colcon_core.package_identification:_identify(src/robot_ui_backend/web_led) by extensions ['colcon_meta']
[0.240s] Level 1:colcon.colcon_core.package_identification:_identify(src/robot_ui_backend/web_led) by extension 'colcon_meta'
[0.240s] Level 1:colcon.colcon_core.package_identification:_identify(src/robot_ui_backend/web_led) by extensions ['ros']
[0.240s] Level 1:colcon.colcon_core.package_identification:_identify(src/robot_ui_backend/web_led) by extension 'ros'
[0.240s] DEBUG:colcon.colcon_core.package_identification:Package 'src/robot_ui_backend/web_led' with type 'ros.ament_python' and name 'web_led'
[0.240s] Level 1:colcon.colcon_core.package_discovery:discover_packages(recursive) using defaults
[0.240s] Level 1:colcon.colcon_core.package_discovery:discover_packages(ignore) discover
[0.240s] Level 1:colcon.colcon_core.package_discovery:discover_packages(ignore) using defaults
[0.240s] Level 1:colcon.colcon_core.package_discovery:discover_packages(path) discover
[0.241s] Level 1:colcon.colcon_core.package_discovery:discover_packages(path) using defaults
[0.266s] Level 5:colcon.colcon_core.verb:set package 'led_control' build argument 'cmake_args' from command line to 'None'
[0.266s] Level 5:colcon.colcon_core.verb:set package 'led_control' build argument 'cmake_target' from command line to 'None'
[0.266s] Level 5:colcon.colcon_core.verb:set package 'led_control' build argument 'cmake_target_skip_unavailable' from command line to 'False'
[0.266s] Level 5:colcon.colcon_core.verb:set package 'led_control' build argument 'cmake_clean_cache' from command line to 'False'
[0.266s] Level 5:colcon.colcon_core.verb:set package 'led_control' build argument 'cmake_clean_first' from command line to 'False'
[0.266s] Level 5:colcon.colcon_core.verb:set package 'led_control' build argument 'cmake_force_configure' from command line to 'False'
[0.266s] Level 5:colcon.colcon_core.verb:set package 'led_control' build argument 'ament_cmake_args' from command line to 'None'
[0.266s] Level 5:colcon.colcon_core.verb:set package 'led_control' build argument 'catkin_cmake_args' from command line to 'None'
[0.266s] Level 5:colcon.colcon_core.verb:set package 'led_control' build argument 'catkin_skip_building_tests' from command line to 'False'
[0.266s] DEBUG:colcon.colcon_core.verb:Building package 'led_control' with the following arguments: {'ament_cmake_args': None, 'build_base': '/home/alesha/ros2/ros2_ws/build/led_control', 'catkin_cmake_args': None, 'catkin_skip_building_tests': False, 'cmake_args': None, 'cmake_clean_cache': False, 'cmake_clean_first': False, 'cmake_force_configure': False, 'cmake_target': None, 'cmake_target_skip_unavailable': False, 'install_base': '/home/alesha/ros2/ros2_ws/install/led_control', 'merge_install': False, 'path': '/home/alesha/ros2/ros2_ws/src/robot_hardware/led_control', 'symlink_install': True, 'test_result_base': None}
[0.267s] Level 5:colcon.colcon_core.verb:set package 'web_led' build argument 'cmake_args' from command line to 'None'
[0.267s] Level 5:colcon.colcon_core.verb:set package 'web_led' build argument 'cmake_target' from command line to 'None'
[0.267s] Level 5:colcon.colcon_core.verb:set package 'web_led' build argument 'cmake_target_skip_unavailable' from command line to 'False'
[0.267s] Level 5:colcon.colcon_core.verb:set package 'web_led' build argument 'cmake_clean_cache' from command line to 'False'
[0.267s] Level 5:colcon.colcon_core.verb:set package 'web_led' build argument 'cmake_clean_first' from command line to 'False'
[0.267s] Level 5:colcon.colcon_core.verb:set package 'web_led' build argument 'cmake_force_configure' from command line to 'False'
[0.267s] Level 5:colcon.colcon_core.verb:set package 'web_led' build argument 'ament_cmake_args' from command line to 'None'
[0.267s] Level 5:colcon.colcon_core.verb:set package 'web_led' build argument 'catkin_cmake_args' from command line to 'None'
[0.267s] Level 5:colcon.colcon_core.verb:set package 'web_led' build argument 'catkin_skip_building_tests' from command line to 'False'
[0.267s] DEBUG:colcon.colcon_core.verb:Building package 'web_led' with the following arguments: {'ament_cmake_args': None, 'build_base': '/home/alesha/ros2/ros2_ws/build/web_led', 'catkin_cmake_args': None, 'catkin_skip_building_tests': False, 'cmake_args': None, 'cmake_clean_cache': False, 'cmake_clean_first': False, 'cmake_force_configure': False, 'cmake_target': None, 'cmake_target_skip_unavailable': False, 'install_base': '/home/alesha/ros2/ros2_ws/install/web_led', 'merge_install': False, 'path': '/home/alesha/ros2/ros2_ws/src/robot_ui_backend/web_led', 'symlink_install': True, 'test_result_base': None}
[0.267s] Level 5:colcon.colcon_core.verb:set package 'robot_bringup' build argument 'cmake_args' from command line to 'None'
[0.267s] Level 5:colcon.colcon_core.verb:set package 'robot_bringup' build argument 'cmake_target' from command line to 'None'
[0.267s] Level 5:colcon.colcon_core.verb:set package 'robot_bringup' build argument 'cmake_target_skip_unavailable' from command line to 'False'
[0.267s] Level 5:colcon.colcon_core.verb:set package 'robot_bringup' build argument 'cmake_clean_cache' from command line to 'False'
[0.267s] Level 5:colcon.colcon_core.verb:set package 'robot_bringup' build argument 'cmake_clean_first' from command line to 'False'
[0.267s] Level 5:colcon.colcon_core.verb:set package 'robot_bringup' build argument 'cmake_force_configure' from command line to 'False'
[0.267s] Level 5:colcon.colcon_core.verb:set package 'robot_bringup' build argument 'ament_cmake_args' from command line to 'None'
[0.268s] Level 5:colcon.colcon_core.verb:set package 'robot_bringup' build argument 'catkin_cmake_args' from command line to 'None'
[0.268s] Level 5:colcon.colcon_core.verb:set package 'robot_bringup' build argument 'catkin_skip_building_tests' from command line to 'False'
[0.268s] DEBUG:colcon.colcon_core.verb:Building package 'robot_bringup' with the following arguments: {'ament_cmake_args': None, 'build_base': '/home/alesha/ros2/ros2_ws/build/robot_bringup', 'catkin_cmake_args': None, 'catkin_skip_building_tests': False, 'cmake_args': None, 'cmake_clean_cache': False, 'cmake_clean_first': False, 'cmake_force_configure': False, 'cmake_target': None, 'cmake_target_skip_unavailable': False, 'install_base': '/home/alesha/ros2/ros2_ws/install/robot_bringup', 'merge_install': False, 'path': '/home/alesha/ros2/ros2_ws/src/robot_bringup', 'symlink_install': True, 'test_result_base': None}
[0.268s] INFO:colcon.colcon_core.executor:Executing jobs using 'parallel' executor
[0.269s] DEBUG:colcon.colcon_parallel_executor.executor.parallel:run_until_complete
[0.270s] INFO:colcon.colcon_ros.task.ament_python.build:Building ROS package in '/home/alesha/ros2/ros2_ws/src/robot_hardware/led_control' with build type 'ament_python'
[0.270s] Level 1:colcon.colcon_core.shell:create_environment_hook('led_control', 'ament_prefix_path')
[0.272s] INFO:colcon.colcon_core.plugin_system:Skipping extension 'colcon_core.shell.bat': Not used on non-Windows systems
[0.272s] INFO:colcon.colcon_core.shell:Creating environment descriptor '/home/alesha/ros2/ros2_ws/install/led_control/share/led_control/hook/ament_prefix_path.dsv'
[0.273s] INFO:colcon.colcon_core.shell:Creating environment hook '/home/alesha/ros2/ros2_ws/install/led_control/share/led_control/hook/ament_prefix_path.sh'
[0.274s] DEBUG:colcon.colcon_core.shell:Skip shell extension 'dsv' for command environment
[0.279s] INFO:colcon.colcon_ros.task.ament_python.build:Building ROS package in '/home/alesha/ros2/ros2_ws/src/robot_ui_backend/web_led' with build type 'ament_python'
[0.280s] Level 1:colcon.colcon_core.shell:create_environment_hook('web_led', 'ament_prefix_path')
[0.280s] INFO:colcon.colcon_core.shell:Creating environment descriptor '/home/alesha/ros2/ros2_ws/install/web_led/share/web_led/hook/ament_prefix_path.dsv'
[0.281s] INFO:colcon.colcon_core.shell:Creating environment hook '/home/alesha/ros2/ros2_ws/install/web_led/share/web_led/hook/ament_prefix_path.sh'
[0.282s] DEBUG:colcon.colcon_core.shell:Skip shell extension 'dsv' for command environment
[0.571s] INFO:colcon.colcon_core.task.python.build:Building Python package in '/home/alesha/ros2/ros2_ws/src/robot_hardware/led_control'
[0.571s] DEBUG:colcon.colcon_core.shell:Skip shell extension 'dsv' for command environment
[0.866s] INFO:colcon.colcon_core.task.python.build:Building Python package in '/home/alesha/ros2/ros2_ws/src/robot_ui_backend/web_led'
[0.867s] DEBUG:colcon.colcon_core.shell:Skip shell extension 'dsv' for command environment
[1.665s] DEBUG:colcon.colcon_core.event_handler.log_command:Invoking command in '/home/alesha/ros2/ros2_ws/build/web_led': PYTHONPATH=/home/alesha/ros2/ros2_ws/build/web_led/prefix_override:/usr/lib/python3/dist-packages/colcon_core/task/python/colcon_distutils_commands:/home/alesha/ros2/ros2_ws/install/web_led/lib/python3.12/site-packages:${PYTHONPATH} /usr/bin/python3 -W ignore:setup.py install is deprecated -W ignore:easy_install command is deprecated setup.py develop --editable --build-directory /home/alesha/ros2/ros2_ws/build/web_led/build --no-deps symlink_data
[1.676s] DEBUG:colcon.colcon_core.event_handler.log_command:Invoking command in '/home/alesha/ros2/ros2_ws/build/led_control': PYTHONPATH=/home/alesha/ros2/ros2_ws/build/led_control/prefix_override:/usr/lib/python3/dist-packages/colcon_core/task/python/colcon_distutils_commands:/home/alesha/ros2/ros2_ws/install/led_control/lib/python3.12/site-packages:${PYTHONPATH} /usr/bin/python3 -W ignore:setup.py install is deprecated -W ignore:easy_install command is deprecated setup.py develop --editable --build-directory /home/alesha/ros2/ros2_ws/build/led_control/build --no-deps symlink_data
[2.463s] Level 1:colcon.colcon_core.shell:create_environment_hook('web_led', 'pythonpath_develop')
[2.463s] INFO:colcon.colcon_core.shell:Creating environment descriptor '/home/alesha/ros2/ros2_ws/build/web_led/share/web_led/hook/pythonpath_develop.dsv'
[2.464s] DEBUG:colcon.colcon_core.event_handler.log_command:Invoked command in '/home/alesha/ros2/ros2_ws/build/web_led' returned '0': PYTHONPATH=/home/alesha/ros2/ros2_ws/build/web_led/prefix_override:/usr/lib/python3/dist-packages/colcon_core/task/python/colcon_distutils_commands:/home/alesha/ros2/ros2_ws/install/web_led/lib/python3.12/site-packages:${PYTHONPATH} /usr/bin/python3 -W ignore:setup.py install is deprecated -W ignore:easy_install command is deprecated setup.py develop --editable --build-directory /home/alesha/ros2/ros2_ws/build/web_led/build --no-deps symlink_data
[2.465s] INFO:colcon.colcon_core.shell:Creating environment hook '/home/alesha/ros2/ros2_ws/build/web_led/share/web_led/hook/pythonpath_develop.sh'
[2.469s] Level 1:colcon.colcon_core.environment:checking '/home/alesha/ros2/ros2_ws/install/web_led' for CMake module files
[2.470s] Level 1:colcon.colcon_core.environment:checking '/home/alesha/ros2/ros2_ws/install/web_led' for CMake config files
[2.471s] Level 1:colcon.colcon_core.environment:checking '/home/alesha/ros2/ros2_ws/install/web_led/lib'
[2.471s] Level 1:colcon.colcon_core.environment:checking '/home/alesha/ros2/ros2_ws/install/web_led/bin'
[2.471s] Level 1:colcon.colcon_core.environment:checking '/home/alesha/ros2/ros2_ws/install/web_led/lib/pkgconfig/web_led.pc'
[2.471s] Level 1:colcon.colcon_core.environment:checking '/home/alesha/ros2/ros2_ws/install/web_led/lib/python3.12/site-packages'
[2.471s] Level 1:colcon.colcon_core.shell:create_environment_hook('web_led', 'pythonpath')
[2.472s] INFO:colcon.colcon_core.shell:Creating environment descriptor '/home/alesha/ros2/ros2_ws/install/web_led/share/web_led/hook/pythonpath.dsv'
[2.472s] INFO:colcon.colcon_core.shell:Creating environment hook '/home/alesha/ros2/ros2_ws/install/web_led/share/web_led/hook/pythonpath.sh'
[2.473s] Level 1:colcon.colcon_core.environment:checking '/home/alesha/ros2/ros2_ws/install/web_led/bin'
[2.474s] Level 1:colcon.colcon_core.environment:create_environment_scripts_only(web_led)
[2.474s] INFO:colcon.colcon_core.shell:Creating package descriptor '/home/alesha/ros2/ros2_ws/install/web_led/share/web_led/package.dsv'
[2.475s] INFO:colcon.colcon_core.shell:Creating package script '/home/alesha/ros2/ros2_ws/install/web_led/share/web_led/package.sh'
[2.476s] INFO:colcon.colcon_core.shell:Creating package script '/home/alesha/ros2/ros2_ws/install/web_led/share/web_led/package.bash'
[2.476s] INFO:colcon.colcon_core.shell:Creating package script '/home/alesha/ros2/ros2_ws/install/web_led/share/web_led/package.zsh'
[2.478s] Level 1:colcon.colcon_core.environment:create_file_with_runtime_dependencies(/home/alesha/ros2/ros2_ws/install/web_led/share/colcon-core/packages/web_led)
[2.479s] Level 1:colcon.colcon_core.shell:create_environment_hook('led_control', 'pythonpath_develop')
[2.480s] INFO:colcon.colcon_core.shell:Creating environment descriptor '/home/alesha/ros2/ros2_ws/build/led_control/share/led_control/hook/pythonpath_develop.dsv'
[2.480s] DEBUG:colcon.colcon_core.event_handler.log_command:Invoked command in '/home/alesha/ros2/ros2_ws/build/led_control' returned '0': PYTHONPATH=/home/alesha/ros2/ros2_ws/build/led_control/prefix_override:/usr/lib/python3/dist-packages/colcon_core/task/python/colcon_distutils_commands:/home/alesha/ros2/ros2_ws/install/led_control/lib/python3.12/site-packages:${PYTHONPATH} /usr/bin/python3 -W ignore:setup.py install is deprecated -W ignore:easy_install command is deprecated setup.py develop --editable --build-directory /home/alesha/ros2/ros2_ws/build/led_control/build --no-deps symlink_data
[2.481s] INFO:colcon.colcon_core.shell:Creating environment hook '/home/alesha/ros2/ros2_ws/build/led_control/share/led_control/hook/pythonpath_develop.sh'
[2.482s] Level 1:colcon.colcon_core.environment:checking '/home/alesha/ros2/ros2_ws/install/led_control' for CMake module files
[2.483s] Level 1:colcon.colcon_core.environment:checking '/home/alesha/ros2/ros2_ws/install/led_control' for CMake config files
[2.483s] Level 1:colcon.colcon_core.environment:checking '/home/alesha/ros2/ros2_ws/install/led_control/lib'
[2.483s] Level 1:colcon.colcon_core.environment:checking '/home/alesha/ros2/ros2_ws/install/led_control/bin'
[2.484s] Level 1:colcon.colcon_core.environment:checking '/home/alesha/ros2/ros2_ws/install/led_control/lib/pkgconfig/led_control.pc'
[2.484s] Level 1:colcon.colcon_core.environment:checking '/home/alesha/ros2/ros2_ws/install/led_control/lib/python3.12/site-packages'
[2.484s] Level 1:colcon.colcon_core.shell:create_environment_hook('led_control', 'pythonpath')
[2.484s] INFO:colcon.colcon_core.shell:Creating environment descriptor '/home/alesha/ros2/ros2_ws/install/led_control/share/led_control/hook/pythonpath.dsv'
[2.485s] INFO:colcon.colcon_core.shell:Creating environment hook '/home/alesha/ros2/ros2_ws/install/led_control/share/led_control/hook/pythonpath.sh'
[2.486s] Level 1:colcon.colcon_core.environment:checking '/home/alesha/ros2/ros2_ws/install/led_control/bin'
[2.486s] Level 1:colcon.colcon_core.environment:create_environment_scripts_only(led_control)
[2.486s] INFO:colcon.colcon_core.shell:Creating package descriptor '/home/alesha/ros2/ros2_ws/install/led_control/share/led_control/package.dsv'
[2.487s] INFO:colcon.colcon_core.shell:Creating package script '/home/alesha/ros2/ros2_ws/install/led_control/share/led_control/package.sh'
[2.488s] INFO:colcon.colcon_core.shell:Creating package script '/home/alesha/ros2/ros2_ws/install/led_control/share/led_control/package.bash'
[2.489s] INFO:colcon.colcon_core.shell:Creating package script '/home/alesha/ros2/ros2_ws/install/led_control/share/led_control/package.zsh'
[2.489s] Level 1:colcon.colcon_core.environment:create_file_with_runtime_dependencies(/home/alesha/ros2/ros2_ws/install/led_control/share/colcon-core/packages/led_control)
[2.490s] INFO:colcon.colcon_ros.task.ament_python.build:Building ROS package in '/home/alesha/ros2/ros2_ws/src/robot_bringup' with build type 'ament_python'
[2.490s] Level 1:colcon.colcon_core.shell:create_environment_hook('robot_bringup', 'ament_prefix_path')
[2.490s] INFO:colcon.colcon_core.shell:Creating environment descriptor '/home/alesha/ros2/ros2_ws/install/robot_bringup/share/robot_bringup/hook/ament_prefix_path.dsv'
[2.491s] INFO:colcon.colcon_core.shell:Creating environment hook '/home/alesha/ros2/ros2_ws/install/robot_bringup/share/robot_bringup/hook/ament_prefix_path.sh'
[2.492s] DEBUG:colcon.colcon_core.shell:Skip shell extension 'dsv' for command environment
[2.786s] INFO:colcon.colcon_core.task.python.build:Building Python package in '/home/alesha/ros2/ros2_ws/src/robot_bringup'
[2.786s] DEBUG:colcon.colcon_core.shell:Skip shell extension 'dsv' for command environment
[3.508s] DEBUG:colcon.colcon_core.event_handler.log_command:Invoking command in '/home/alesha/ros2/ros2_ws/build/robot_bringup': AMENT_PREFIX_PATH=/home/alesha/ros2/ros2_ws/install/web_led:/home/alesha/ros2/ros2_ws/install/led_control:/home/alesha/ros2/ros2_ws/install/robot_bringup:/opt/ros/jazzy PYTHONPATH=/home/alesha/ros2/ros2_ws/build/robot_bringup/prefix_override:/usr/lib/python3/dist-packages/colcon_core/task/python/colcon_distutils_commands:/home/alesha/ros2/ros2_ws/install/robot_bringup/lib/python3.12/site-packages:/home/alesha/ros2/ros2_ws/build/web_led:/home/alesha/ros2/ros2_ws/install/web_led/lib/python3.12/site-packages:/home/alesha/ros2/ros2_ws/build/led_control:/home/alesha/ros2/ros2_ws/install/led_control/lib/python3.12/site-packages:/home/alesha/ros2/ros2_ws/build/robot_bringup:/home/alesha/ros2/ros2_ws/install/robot_bringup/lib/python3.12/site-packages:/opt/ros/jazzy/lib/python3.12/site-packages /usr/bin/python3 -W ignore:setup.py install is deprecated -W ignore:easy_install command is deprecated setup.py develop --editable --build-directory /home/alesha/ros2/ros2_ws/build/robot_bringup/build --no-deps symlink_data
[4.242s] Level 1:colcon.colcon_core.shell:create_environment_hook('robot_bringup', 'pythonpath_develop')
[4.242s] INFO:colcon.colcon_core.shell:Creating environment descriptor '/home/alesha/ros2/ros2_ws/build/robot_bringup/share/robot_bringup/hook/pythonpath_develop.dsv'
[4.243s] DEBUG:colcon.colcon_core.event_handler.log_command:Invoked command in '/home/alesha/ros2/ros2_ws/build/robot_bringup' returned '0': AMENT_PREFIX_PATH=/home/alesha/ros2/ros2_ws/install/web_led:/home/alesha/ros2/ros2_ws/install/led_control:/home/alesha/ros2/ros2_ws/install/robot_bringup:/opt/ros/jazzy PYTHONPATH=/home/alesha/ros2/ros2_ws/build/robot_bringup/prefix_override:/usr/lib/python3/dist-packages/colcon_core/task/python/colcon_distutils_commands:/home/alesha/ros2/ros2_ws/install/robot_bringup/lib/python3.12/site-packages:/home/alesha/ros2/ros2_ws/build/web_led:/home/alesha/ros2/ros2_ws/install/web_led/lib/python3.12/site-packages:/home/alesha/ros2/ros2_ws/build/led_control:/home/alesha/ros2/ros2_ws/install/led_control/lib/python3.12/site-packages:/home/alesha/ros2/ros2_ws/build/robot_bringup:/home/alesha/ros2/ros2_ws/install/robot_bringup/lib/python3.12/site-packages:/opt/ros/jazzy/lib/python3.12/site-packages /usr/bin/python3 -W ignore:setup.py install is deprecated -W ignore:easy_install command is deprecated setup.py develop --editable --build-directory /home/alesha/ros2/ros2_ws/build/robot_bringup/build --no-deps symlink_data
[4.243s] INFO:colcon.colcon_core.shell:Creating environment hook '/home/alesha/ros2/ros2_ws/build/robot_bringup/share/robot_bringup/hook/pythonpath_develop.sh'
[4.244s] Level 1:colcon.colcon_core.environment:checking '/home/alesha/ros2/ros2_ws/install/robot_bringup' for CMake module files
[4.245s] Level 1:colcon.colcon_core.environment:checking '/home/alesha/ros2/ros2_ws/install/robot_bringup' for CMake config files
[4.245s] Level 1:colcon.colcon_core.environment:checking '/home/alesha/ros2/ros2_ws/install/robot_bringup/lib'
[4.245s] Level 1:colcon.colcon_core.environment:checking '/home/alesha/ros2/ros2_ws/install/robot_bringup/bin'
[4.246s] Level 1:colcon.colcon_core.shell:create_environment_hook('robot_bringup', 'path')
[4.246s] INFO:colcon.colcon_core.shell:Creating environment descriptor '/home/alesha/ros2/ros2_ws/install/robot_bringup/share/robot_bringup/hook/path.dsv'
[4.246s] INFO:colcon.colcon_core.shell:Creating environment hook '/home/alesha/ros2/ros2_ws/install/robot_bringup/share/robot_bringup/hook/path.sh'
[4.247s] Level 1:colcon.colcon_core.environment:checking '/home/alesha/ros2/ros2_ws/install/robot_bringup/lib/pkgconfig/robot_bringup.pc'
[4.247s] Level 1:colcon.colcon_core.environment:checking '/home/alesha/ros2/ros2_ws/install/robot_bringup/lib/python3.12/site-packages'
[4.248s] Level 1:colcon.colcon_core.shell:create_environment_hook('robot_bringup', 'pythonpath')
[4.248s] INFO:colcon.colcon_core.shell:Creating environment descriptor '/home/alesha/ros2/ros2_ws/install/robot_bringup/share/robot_bringup/hook/pythonpath.dsv'
[4.248s] INFO:colcon.colcon_core.shell:Creating environment hook '/home/alesha/ros2/ros2_ws/install/robot_bringup/share/robot_bringup/hook/pythonpath.sh'
[4.249s] Level 1:colcon.colcon_core.environment:checking '/home/alesha/ros2/ros2_ws/install/robot_bringup/bin'
[4.250s] Level 1:colcon.colcon_core.shell:create_environment_hook('robot_bringup', 'pythonscriptspath')
[4.250s] INFO:colcon.colcon_core.shell:Creating environment descriptor '/home/alesha/ros2/ros2_ws/install/robot_bringup/share/robot_bringup/hook/pythonscriptspath.dsv'
[4.250s] INFO:colcon.colcon_core.shell:Creating environment hook '/home/alesha/ros2/ros2_ws/install/robot_bringup/share/robot_bringup/hook/pythonscriptspath.sh'
[4.251s] Level 1:colcon.colcon_core.environment:create_environment_scripts_only(robot_bringup)
[4.251s] INFO:colcon.colcon_core.shell:Creating package descriptor '/home/alesha/ros2/ros2_ws/install/robot_bringup/share/robot_bringup/package.dsv'
[4.252s] INFO:colcon.colcon_core.shell:Creating package script '/home/alesha/ros2/ros2_ws/install/robot_bringup/share/robot_bringup/package.sh'
[4.254s] INFO:colcon.colcon_core.shell:Creating package script '/home/alesha/ros2/ros2_ws/install/robot_bringup/share/robot_bringup/package.bash'
[4.255s] INFO:colcon.colcon_core.shell:Creating package script '/home/alesha/ros2/ros2_ws/install/robot_bringup/share/robot_bringup/package.zsh'
[4.257s] Level 1:colcon.colcon_core.environment:create_file_with_runtime_dependencies(/home/alesha/ros2/ros2_ws/install/robot_bringup/share/colcon-core/packages/robot_bringup)
[4.259s] DEBUG:colcon.colcon_parallel_executor.executor.parallel:closing loop
[4.259s] DEBUG:colcon.colcon_parallel_executor.executor.parallel:loop closed
[4.259s] DEBUG:colcon.colcon_parallel_executor.executor.parallel:run_until_complete finished with '0'
[4.260s] DEBUG:colcon.colcon_core.event_reactor:joining thread
[4.268s] INFO:colcon.colcon_core.plugin_system:Skipping extension 'colcon_notification.desktop_notification.notify_send': Could not find 'notify-send'
[4.268s] INFO:colcon.colcon_core.plugin_system:Skipping extension 'colcon_notification.desktop_notification.terminal_notifier': Not used on non-Darwin systems
[4.268s] INFO:colcon.colcon_core.plugin_system:Skipping extension 'colcon_notification.desktop_notification.win32': Not used on non-Windows systems
[4.268s] INFO:colcon.colcon_notification.desktop_notification:Sending desktop notification using 'notify2'
[4.269s] DEBUG:colcon.colcon_notification.desktop_notification.notify2:Failed to initialize notify2: org.freedesktop.DBus.Error.ServiceUnknown: The name org.freedesktop.Notifications was not provided by any .service files
[4.270s] DEBUG:colcon.colcon_core.event_reactor:joined thread
[4.270s] INFO:colcon.colcon_core.shell:Creating prefix script '/home/alesha/ros2/ros2_ws/install/local_setup.sh'
[4.271s] INFO:colcon.colcon_core.shell:Creating prefix util module '/home/alesha/ros2/ros2_ws/install/_local_setup_util_sh.py'
[4.272s] INFO:colcon.colcon_core.shell:Creating prefix chain script '/home/alesha/ros2/ros2_ws/install/setup.sh'
[4.274s] INFO:colcon.colcon_core.shell:Creating prefix script '/home/alesha/ros2/ros2_ws/install/local_setup.bash'
[4.275s] INFO:colcon.colcon_core.shell:Creating prefix chain script '/home/alesha/ros2/ros2_ws/install/setup.bash'
[4.276s] INFO:colcon.colcon_core.shell:Creating prefix script '/home/alesha/ros2/ros2_ws/install/local_setup.zsh'
[4.278s] INFO:colcon.colcon_core.shell:Creating prefix chain script '/home/alesha/ros2/ros2_ws/install/setup.zsh'
