[0.130s] DEBUG:colcon:Command line arguments: ['/usr/bin/colcon', 'build', '--symlink-install']
[0.130s] DEBUG:colcon:Parsed command line arguments: Namespace(log_base=None, log_level=None, verb_name='build', build_base='build', install_base='install', merge_install=False, symlink_install=True, test_result_base=None, continue_on_error=False, executor='parallel', parallel_workers=4, event_handlers=None, ignore_user_meta=False, metas=['./colcon.meta'], base_paths=['.'], packages_ignore=None, packages_ignore_regex=None, paths=None, packages_up_to=None, packages_up_to_regex=None, packages_above=None, packages_above_and_dependencies=None, packages_above_depth=None, packages_select_by_dep=None, packages_skip_by_dep=None, packages_skip_up_to=None, packages_select_build_failed=False, packages_skip_build_finished=False, packages_select_test_failures=False, packages_skip_test_passed=False, packages_select=None, packages_skip=None, packages_select_regex=None, packages_skip_regex=None, packages_start=None, packages_end=None, cmake_args=None, cmake_target=None, cmake_target_skip_unavailable=False, cmake_clean_cache=False, cmake_clean_first=False, cmake_force_configure=False, ament_cmake_args=None, catkin_cmake_args=None, catkin_skip_building_tests=False, verb_parser=<colcon_defaults.argument_parser.defaults.DefaultArgumentsDecorator object at 0xffff8ce4fe00>, verb_extension=<colcon_core.verb.build.BuildVerb object at 0xffff8cd73f20>, main=<bound method BuildVerb.main of <colcon_core.verb.build.BuildVerb object at 0xffff8cd73f20>>)
[0.187s] Level 1:colcon.colcon_core.package_discovery:discover_packages(colcon_meta) check parameters
[0.187s] Level 1:colcon.colcon_core.package_discovery:discover_packages(recursive) check parameters
[0.187s] Level 1:colcon.colcon_core.package_discovery:discover_packages(ignore) check parameters
[0.187s] Level 1:colcon.colcon_core.package_discovery:discover_packages(path) check parameters
[0.187s] Level 1:colcon.colcon_core.package_discovery:discover_packages(colcon_meta) discover
[0.187s] Level 1:colcon.colcon_core.package_discovery:discover_packages(recursive) discover
[0.187s] INFO:colcon.colcon_core.package_discovery:Crawling recursively for packages in '/home/alesha/ros2/ros2_ws'
[0.187s] Level 1:colcon.colcon_core.package_identification:_identify(.) by extensions ['ignore', 'ignore_ament_install']
[0.187s] Level 1:colcon.colcon_core.package_identification:_identify(.) by extension 'ignore'
[0.187s] Level 1:colcon.colcon_core.package_identification:_identify(.) by extension 'ignore_ament_install'
[0.187s] Level 1:colcon.colcon_core.package_identification:_identify(.) by extensions ['colcon_pkg']
[0.187s] Level 1:colcon.colcon_core.package_identification:_identify(.) by extension 'colcon_pkg'
[0.188s] Level 1:colcon.colcon_core.package_identification:_identify(.) by extensions ['colcon_meta']
[0.188s] Level 1:colcon.colcon_core.package_identification:_identify(.) by extension 'colcon_meta'
[0.188s] Level 1:colcon.colcon_core.package_identification:_identify(.) by extensions ['ros']
[0.188s] Level 1:colcon.colcon_core.package_identification:_identify(.) by extension 'ros'
[0.223s] Level 1:colcon.colcon_core.package_identification:_identify(.) by extensions ['cmake', 'python']
[0.223s] Level 1:colcon.colcon_core.package_identification:_identify(.) by extension 'cmake'
[0.223s] Level 1:colcon.colcon_core.package_identification:_identify(.) by extension 'python'
[0.223s] Level 1:colcon.colcon_core.package_identification:_identify(.) by extensions ['python_setup_py']
[0.223s] Level 1:colcon.colcon_core.package_identification:_identify(.) by extension 'python_setup_py'
[0.224s] Level 1:colcon.colcon_core.package_identification:_identify(build) by extensions ['ignore', 'ignore_ament_install']
[0.224s] Level 1:colcon.colcon_core.package_identification:_identify(build) by extension 'ignore'
[0.224s] Level 1:colcon.colcon_core.package_identification:_identify(build) ignored
[0.224s] Level 1:colcon.colcon_core.package_identification:_identify(install) by extensions ['ignore', 'ignore_ament_install']
[0.224s] Level 1:colcon.colcon_core.package_identification:_identify(install) by extension 'ignore'
[0.224s] Level 1:colcon.colcon_core.package_identification:_identify(install) ignored
[0.224s] Level 1:colcon.colcon_core.package_identification:_identify(log) by extensions ['ignore', 'ignore_ament_install']
[0.224s] Level 1:colcon.colcon_core.package_identification:_identify(log) by extension 'ignore'
[0.224s] Level 1:colcon.colcon_core.package_identification:_identify(log) ignored
[0.224s] Level 1:colcon.colcon_core.package_identification:_identify(src) by extensions ['ignore', 'ignore_ament_install']
[0.225s] Level 1:colcon.colcon_core.package_identification:_identify(src) by extension 'ignore'
[0.225s] Level 1:colcon.colcon_core.package_identification:_identify(src) by extension 'ignore_ament_install'
[0.225s] Level 1:colcon.colcon_core.package_identification:_identify(src) by extensions ['colcon_pkg']
[0.225s] Level 1:colcon.colcon_core.package_identification:_identify(src) by extension 'colcon_pkg'
[0.225s] Level 1:colcon.colcon_core.package_identification:_identify(src) by extensions ['colcon_meta']
[0.225s] Level 1:colcon.colcon_core.package_identification:_identify(src) by extension 'colcon_meta'
[0.225s] Level 1:colcon.colcon_core.package_identification:_identify(src) by extensions ['ros']
[0.225s] Level 1:colcon.colcon_core.package_identification:_identify(src) by extension 'ros'
[0.225s] Level 1:colcon.colcon_core.package_identification:_identify(src) by extensions ['cmake', 'python']
[0.225s] Level 1:colcon.colcon_core.package_identification:_identify(src) by extension 'cmake'
[0.225s] Level 1:colcon.colcon_core.package_identification:_identify(src) by extension 'python'
[0.225s] Level 1:colcon.colcon_core.package_identification:_identify(src) by extensions ['python_setup_py']
[0.225s] Level 1:colcon.colcon_core.package_identification:_identify(src) by extension 'python_setup_py'
[0.225s] Level 1:colcon.colcon_core.package_identification:_identify(src/robot_bringup) by extensions ['ignore', 'ignore_ament_install']
[0.225s] Level 1:colcon.colcon_core.package_identification:_identify(src/robot_bringup) by extension 'ignore'
[0.225s] Level 1:colcon.colcon_core.package_identification:_identify(src/robot_bringup) by extension 'ignore_ament_install'
[0.225s] Level 1:colcon.colcon_core.package_identification:_identify(src/robot_bringup) by extensions ['colcon_pkg']
[0.225s] Level 1:colcon.colcon_core.package_identification:_identify(src/robot_bringup) by extension 'colcon_pkg'
[0.225s] Level 1:colcon.colcon_core.package_identification:_identify(src/robot_bringup) by extensions ['colcon_meta']
[0.226s] Level 1:colcon.colcon_core.package_identification:_identify(src/robot_bringup) by extension 'colcon_meta'
[0.226s] Level 1:colcon.colcon_core.package_identification:_identify(src/robot_bringup) by extensions ['ros']
[0.226s] Level 1:colcon.colcon_core.package_identification:_identify(src/robot_bringup) by extension 'ros'
[0.229s] DEBUG:colcon.colcon_core.package_identification:Package 'src/robot_bringup' with type 'ros.ament_python' and name 'robot_bringup'
[0.229s] Level 1:colcon.colcon_core.package_identification:_identify(src/robot_hardware) by extensions ['ignore', 'ignore_ament_install']
[0.229s] Level 1:colcon.colcon_core.package_identification:_identify(src/robot_hardware) by extension 'ignore'
[0.229s] Level 1:colcon.colcon_core.package_identification:_identify(src/robot_hardware) by extension 'ignore_ament_install'
[0.229s] Level 1:colcon.colcon_core.package_identification:_identify(src/robot_hardware) by extensions ['colcon_pkg']
[0.229s] Level 1:colcon.colcon_core.package_identification:_identify(src/robot_hardware) by extension 'colcon_pkg'
[0.229s] Level 1:colcon.colcon_core.package_identification:_identify(src/robot_hardware) by extensions ['colcon_meta']
[0.229s] Level 1:colcon.colcon_core.package_identification:_identify(src/robot_hardware) by extension 'colcon_meta'
[0.229s] Level 1:colcon.colcon_core.package_identification:_identify(src/robot_hardware) by extensions ['ros']
[0.229s] Level 1:colcon.colcon_core.package_identification:_identify(src/robot_hardware) by extension 'ros'
[0.229s] Level 1:colcon.colcon_core.package_identification:_identify(src/robot_hardware) by extensions ['cmake', 'python']
[0.229s] Level 1:colcon.colcon_core.package_identification:_identify(src/robot_hardware) by extension 'cmake'
[0.229s] Level 1:colcon.colcon_core.package_identification:_identify(src/robot_hardware) by extension 'python'
[0.229s] Level 1:colcon.colcon_core.package_identification:_identify(src/robot_hardware) by extensions ['python_setup_py']
[0.229s] Level 1:colcon.colcon_core.package_identification:_identify(src/robot_hardware) by extension 'python_setup_py'
[0.230s] Level 1:colcon.colcon_core.package_identification:_identify(src/robot_hardware/led_control) by extensions ['ignore', 'ignore_ament_install']
[0.230s] Level 1:colcon.colcon_core.package_identification:_identify(src/robot_hardware/led_control) by extension 'ignore'
[0.230s] Level 1:colcon.colcon_core.package_identification:_identify(src/robot_hardware/led_control) by extension 'ignore_ament_install'
[0.230s] Level 1:colcon.colcon_core.package_identification:_identify(src/robot_hardware/led_control) by extensions ['colcon_pkg']
[0.230s] Level 1:colcon.colcon_core.package_identification:_identify(src/robot_hardware/led_control) by extension 'colcon_pkg'
[0.230s] Level 1:colcon.colcon_core.package_identification:_identify(src/robot_hardware/led_control) by extensions ['colcon_meta']
[0.230s] Level 1:colcon.colcon_core.package_identification:_identify(src/robot_hardware/led_control) by extension 'colcon_meta'
[0.230s] Level 1:colcon.colcon_core.package_identification:_identify(src/robot_hardware/led_control) by extensions ['ros']
[0.230s] Level 1:colcon.colcon_core.package_identification:_identify(src/robot_hardware/led_control) by extension 'ros'
[0.230s] DEBUG:colcon.colcon_core.package_identification:Package 'src/robot_hardware/led_control' with type 'ros.ament_python' and name 'led_control'
[0.231s] Level 1:colcon.colcon_core.package_identification:_identify(src/robot_ui_backend) by extensions ['ignore', 'ignore_ament_install']
[0.231s] Level 1:colcon.colcon_core.package_identification:_identify(src/robot_ui_backend) by extension 'ignore'
[0.231s] Level 1:colcon.colcon_core.package_identification:_identify(src/robot_ui_backend) by extension 'ignore_ament_install'
[0.231s] Level 1:colcon.colcon_core.package_identification:_identify(src/robot_ui_backend) by extensions ['colcon_pkg']
[0.231s] Level 1:colcon.colcon_core.package_identification:_identify(src/robot_ui_backend) by extension 'colcon_pkg'
[0.231s] Level 1:colcon.colcon_core.package_identification:_identify(src/robot_ui_backend) by extensions ['colcon_meta']
[0.231s] Level 1:colcon.colcon_core.package_identification:_identify(src/robot_ui_backend) by extension 'colcon_meta'
[0.231s] Level 1:colcon.colcon_core.package_identification:_identify(src/robot_ui_backend) by extensions ['ros']
[0.231s] Level 1:colcon.colcon_core.package_identification:_identify(src/robot_ui_backend) by extension 'ros'
[0.231s] Level 1:colcon.colcon_core.package_identification:_identify(src/robot_ui_backend) by extensions ['cmake', 'python']
[0.231s] Level 1:colcon.colcon_core.package_identification:_identify(src/robot_ui_backend) by extension 'cmake'
[0.231s] Level 1:colcon.colcon_core.package_identification:_identify(src/robot_ui_backend) by extension 'python'
[0.231s] Level 1:colcon.colcon_core.package_identification:_identify(src/robot_ui_backend) by extensions ['python_setup_py']
[0.231s] Level 1:colcon.colcon_core.package_identification:_identify(src/robot_ui_backend) by extension 'python_setup_py'
[0.231s] Level 1:colcon.colcon_core.package_identification:_identify(src/robot_ui_backend/web_led) by extensions ['ignore', 'ignore_ament_install']
[0.231s] Level 1:colcon.colcon_core.package_identification:_identify(src/robot_ui_backend/web_led) by extension 'ignore'
[0.231s] Level 1:colcon.colcon_core.package_identification:_identify(src/robot_ui_backend/web_led) by extension 'ignore_ament_install'
[0.232s] Level 1:colcon.colcon_core.package_identification:_identify(src/robot_ui_backend/web_led) by extensions ['colcon_pkg']
[0.232s] Level 1:colcon.colcon_core.package_identification:_identify(src/robot_ui_backend/web_led) by extension 'colcon_pkg'
[0.232s] Level 1:colcon.colcon_core.package_identification:_identify(src/robot_ui_backend/web_led) by extensions ['colcon_meta']
[0.232s] Level 1:colcon.colcon_core.package_identification:_identify(src/robot_ui_backend/web_led) by extension 'colcon_meta'
[0.232s] Level 1:colcon.colcon_core.package_identification:_identify(src/robot_ui_backend/web_led) by extensions ['ros']
[0.232s] Level 1:colcon.colcon_core.package_identification:_identify(src/robot_ui_backend/web_led) by extension 'ros'
[0.232s] DEBUG:colcon.colcon_core.package_identification:Package 'src/robot_ui_backend/web_led' with type 'ros.ament_python' and name 'web_led'
[0.232s] Level 1:colcon.colcon_core.package_discovery:discover_packages(recursive) using defaults
[0.232s] Level 1:colcon.colcon_core.package_discovery:discover_packages(ignore) discover
[0.232s] Level 1:colcon.colcon_core.package_discovery:discover_packages(ignore) using defaults
[0.232s] Level 1:colcon.colcon_core.package_discovery:discover_packages(path) discover
[0.232s] Level 1:colcon.colcon_core.package_discovery:discover_packages(path) using defaults
[0.258s] Level 5:colcon.colcon_core.verb:set package 'led_control' build argument 'cmake_args' from command line to 'None'
[0.258s] Level 5:colcon.colcon_core.verb:set package 'led_control' build argument 'cmake_target' from command line to 'None'
[0.258s] Level 5:colcon.colcon_core.verb:set package 'led_control' build argument 'cmake_target_skip_unavailable' from command line to 'False'
[0.258s] Level 5:colcon.colcon_core.verb:set package 'led_control' build argument 'cmake_clean_cache' from command line to 'False'
[0.258s] Level 5:colcon.colcon_core.verb:set package 'led_control' build argument 'cmake_clean_first' from command line to 'False'
[0.258s] Level 5:colcon.colcon_core.verb:set package 'led_control' build argument 'cmake_force_configure' from command line to 'False'
[0.258s] Level 5:colcon.colcon_core.verb:set package 'led_control' build argument 'ament_cmake_args' from command line to 'None'
[0.258s] Level 5:colcon.colcon_core.verb:set package 'led_control' build argument 'catkin_cmake_args' from command line to 'None'
[0.258s] Level 5:colcon.colcon_core.verb:set package 'led_control' build argument 'catkin_skip_building_tests' from command line to 'False'
[0.258s] DEBUG:colcon.colcon_core.verb:Building package 'led_control' with the following arguments: {'ament_cmake_args': None, 'build_base': '/home/alesha/ros2/ros2_ws/build/led_control', 'catkin_cmake_args': None, 'catkin_skip_building_tests': False, 'cmake_args': None, 'cmake_clean_cache': False, 'cmake_clean_first': False, 'cmake_force_configure': False, 'cmake_target': None, 'cmake_target_skip_unavailable': False, 'install_base': '/home/alesha/ros2/ros2_ws/install/led_control', 'merge_install': False, 'path': '/home/alesha/ros2/ros2_ws/src/robot_hardware/led_control', 'symlink_install': True, 'test_result_base': None}
[0.259s] Level 5:colcon.colcon_core.verb:set package 'web_led' build argument 'cmake_args' from command line to 'None'
[0.259s] Level 5:colcon.colcon_core.verb:set package 'web_led' build argument 'cmake_target' from command line to 'None'
[0.259s] Level 5:colcon.colcon_core.verb:set package 'web_led' build argument 'cmake_target_skip_unavailable' from command line to 'False'
[0.259s] Level 5:colcon.colcon_core.verb:set package 'web_led' build argument 'cmake_clean_cache' from command line to 'False'
[0.259s] Level 5:colcon.colcon_core.verb:set package 'web_led' build argument 'cmake_clean_first' from command line to 'False'
[0.259s] Level 5:colcon.colcon_core.verb:set package 'web_led' build argument 'cmake_force_configure' from command line to 'False'
[0.259s] Level 5:colcon.colcon_core.verb:set package 'web_led' build argument 'ament_cmake_args' from command line to 'None'
[0.259s] Level 5:colcon.colcon_core.verb:set package 'web_led' build argument 'catkin_cmake_args' from command line to 'None'
[0.259s] Level 5:colcon.colcon_core.verb:set package 'web_led' build argument 'catkin_skip_building_tests' from command line to 'False'
[0.259s] DEBUG:colcon.colcon_core.verb:Building package 'web_led' with the following arguments: {'ament_cmake_args': None, 'build_base': '/home/alesha/ros2/ros2_ws/build/web_led', 'catkin_cmake_args': None, 'catkin_skip_building_tests': False, 'cmake_args': None, 'cmake_clean_cache': False, 'cmake_clean_first': False, 'cmake_force_configure': False, 'cmake_target': None, 'cmake_target_skip_unavailable': False, 'install_base': '/home/alesha/ros2/ros2_ws/install/web_led', 'merge_install': False, 'path': '/home/alesha/ros2/ros2_ws/src/robot_ui_backend/web_led', 'symlink_install': True, 'test_result_base': None}
[0.259s] Level 5:colcon.colcon_core.verb:set package 'robot_bringup' build argument 'cmake_args' from command line to 'None'
[0.259s] Level 5:colcon.colcon_core.verb:set package 'robot_bringup' build argument 'cmake_target' from command line to 'None'
[0.259s] Level 5:colcon.colcon_core.verb:set package 'robot_bringup' build argument 'cmake_target_skip_unavailable' from command line to 'False'
[0.259s] Level 5:colcon.colcon_core.verb:set package 'robot_bringup' build argument 'cmake_clean_cache' from command line to 'False'
[0.259s] Level 5:colcon.colcon_core.verb:set package 'robot_bringup' build argument 'cmake_clean_first' from command line to 'False'
[0.259s] Level 5:colcon.colcon_core.verb:set package 'robot_bringup' build argument 'cmake_force_configure' from command line to 'False'
[0.259s] Level 5:colcon.colcon_core.verb:set package 'robot_bringup' build argument 'ament_cmake_args' from command line to 'None'
[0.259s] Level 5:colcon.colcon_core.verb:set package 'robot_bringup' build argument 'catkin_cmake_args' from command line to 'None'
[0.259s] Level 5:colcon.colcon_core.verb:set package 'robot_bringup' build argument 'catkin_skip_building_tests' from command line to 'False'
[0.259s] DEBUG:colcon.colcon_core.verb:Building package 'robot_bringup' with the following arguments: {'ament_cmake_args': None, 'build_base': '/home/alesha/ros2/ros2_ws/build/robot_bringup', 'catkin_cmake_args': None, 'catkin_skip_building_tests': False, 'cmake_args': None, 'cmake_clean_cache': False, 'cmake_clean_first': False, 'cmake_force_configure': False, 'cmake_target': None, 'cmake_target_skip_unavailable': False, 'install_base': '/home/alesha/ros2/ros2_ws/install/robot_bringup', 'merge_install': False, 'path': '/home/alesha/ros2/ros2_ws/src/robot_bringup', 'symlink_install': True, 'test_result_base': None}
[0.260s] INFO:colcon.colcon_core.executor:Executing jobs using 'parallel' executor
[0.262s] DEBUG:colcon.colcon_parallel_executor.executor.parallel:run_until_complete
[0.262s] INFO:colcon.colcon_ros.task.ament_python.build:Building ROS package in '/home/alesha/ros2/ros2_ws/src/robot_hardware/led_control' with build type 'ament_python'
[0.263s] Level 1:colcon.colcon_core.shell:create_environment_hook('led_control', 'ament_prefix_path')
[0.267s] INFO:colcon.colcon_core.plugin_system:Skipping extension 'colcon_core.shell.bat': Not used on non-Windows systems
[0.267s] INFO:colcon.colcon_core.shell:Creating environment descriptor '/home/alesha/ros2/ros2_ws/install/led_control/share/led_control/hook/ament_prefix_path.dsv'
[0.269s] INFO:colcon.colcon_core.shell:Creating environment hook '/home/alesha/ros2/ros2_ws/install/led_control/share/led_control/hook/ament_prefix_path.sh'
[0.270s] DEBUG:colcon.colcon_core.shell:Skip shell extension 'dsv' for command environment
[0.272s] WARNING:colcon.colcon_ros.prefix_path.ament:The path '/home/alesha/ros2/ros2_ws/install/robot_bringup' in the environment variable AMENT_PREFIX_PATH doesn't exist
[0.272s] WARNING:colcon.colcon_ros.prefix_path.ament:The path '/home/alesha/ros2/ros2_ws/install/web_led' in the environment variable AMENT_PREFIX_PATH doesn't exist
[0.280s] INFO:colcon.colcon_ros.task.ament_python.build:Building ROS package in '/home/alesha/ros2/ros2_ws/src/robot_ui_backend/web_led' with build type 'ament_python'
[0.281s] Level 1:colcon.colcon_core.shell:create_environment_hook('web_led', 'ament_prefix_path')
[0.283s] INFO:colcon.colcon_core.shell:Creating environment descriptor '/home/alesha/ros2/ros2_ws/install/web_led/share/web_led/hook/ament_prefix_path.dsv'
[0.285s] INFO:colcon.colcon_core.shell:Creating environment hook '/home/alesha/ros2/ros2_ws/install/web_led/share/web_led/hook/ament_prefix_path.sh'
[0.286s] DEBUG:colcon.colcon_core.shell:Skip shell extension 'dsv' for command environment
[0.796s] INFO:colcon.colcon_core.task.python.build:Building Python package in '/home/alesha/ros2/ros2_ws/src/robot_hardware/led_control'
[0.796s] DEBUG:colcon.colcon_core.shell:Skip shell extension 'dsv' for command environment
[1.190s] INFO:colcon.colcon_core.task.python.build:Building Python package in '/home/alesha/ros2/ros2_ws/src/robot_ui_backend/web_led'
[1.191s] DEBUG:colcon.colcon_core.shell:Skip shell extension 'dsv' for command environment
[2.292s] DEBUG:colcon.colcon_core.event_handler.log_command:Invoking command in '/home/alesha/ros2/ros2_ws/build/web_led': PYTHONPATH=/home/alesha/ros2/ros2_ws/build/web_led/prefix_override:/usr/lib/python3/dist-packages/colcon_core/task/python/colcon_distutils_commands:/home/alesha/ros2/ros2_ws/install/web_led/lib/python3.12/site-packages:${PYTHONPATH} /usr/bin/python3 -W ignore:setup.py install is deprecated -W ignore:easy_install command is deprecated setup.py develop --editable --build-directory /home/alesha/ros2/ros2_ws/build/web_led/build --no-deps symlink_data
[2.480s] DEBUG:colcon.colcon_core.event_handler.log_command:Invoking command in '/home/alesha/ros2/ros2_ws/build/led_control': PYTHONPATH=/home/alesha/ros2/ros2_ws/build/led_control/prefix_override:/usr/lib/python3/dist-packages/colcon_core/task/python/colcon_distutils_commands:/home/alesha/ros2/ros2_ws/install/led_control/lib/python3.12/site-packages:${PYTHONPATH} /usr/bin/python3 -W ignore:setup.py install is deprecated -W ignore:easy_install command is deprecated setup.py develop --editable --build-directory /home/alesha/ros2/ros2_ws/build/led_control/build --no-deps symlink_data
[3.480s] Level 1:colcon.colcon_core.shell:create_environment_hook('web_led', 'pythonpath_develop')
[3.480s] INFO:colcon.colcon_core.shell:Creating environment descriptor '/home/alesha/ros2/ros2_ws/build/web_led/share/web_led/hook/pythonpath_develop.dsv'
[3.481s] INFO:colcon.colcon_core.shell:Creating environment hook '/home/alesha/ros2/ros2_ws/build/web_led/share/web_led/hook/pythonpath_develop.sh'
[3.483s] DEBUG:colcon.colcon_core.event_handler.log_command:Invoked command in '/home/alesha/ros2/ros2_ws/build/web_led' returned '0': PYTHONPATH=/home/alesha/ros2/ros2_ws/build/web_led/prefix_override:/usr/lib/python3/dist-packages/colcon_core/task/python/colcon_distutils_commands:/home/alesha/ros2/ros2_ws/install/web_led/lib/python3.12/site-packages:${PYTHONPATH} /usr/bin/python3 -W ignore:setup.py install is deprecated -W ignore:easy_install command is deprecated setup.py develop --editable --build-directory /home/alesha/ros2/ros2_ws/build/web_led/build --no-deps symlink_data
[3.487s] Level 1:colcon.colcon_core.environment:checking '/home/alesha/ros2/ros2_ws/install/web_led' for CMake module files
[3.490s] Level 1:colcon.colcon_core.environment:checking '/home/alesha/ros2/ros2_ws/install/web_led' for CMake config files
[3.491s] Level 1:colcon.colcon_core.environment:checking '/home/alesha/ros2/ros2_ws/install/web_led/lib'
[3.494s] Level 1:colcon.colcon_core.environment:checking '/home/alesha/ros2/ros2_ws/install/web_led/bin'
[3.495s] Level 1:colcon.colcon_core.environment:checking '/home/alesha/ros2/ros2_ws/install/web_led/lib/pkgconfig/web_led.pc'
[3.496s] Level 1:colcon.colcon_core.environment:checking '/home/alesha/ros2/ros2_ws/install/web_led/lib/python3.12/site-packages'
[3.496s] Level 1:colcon.colcon_core.shell:create_environment_hook('web_led', 'pythonpath')
[3.496s] INFO:colcon.colcon_core.shell:Creating environment descriptor '/home/alesha/ros2/ros2_ws/install/web_led/share/web_led/hook/pythonpath.dsv'
[3.497s] INFO:colcon.colcon_core.shell:Creating environment hook '/home/alesha/ros2/ros2_ws/install/web_led/share/web_led/hook/pythonpath.sh'
[3.499s] Level 1:colcon.colcon_core.environment:checking '/home/alesha/ros2/ros2_ws/install/web_led/bin'
[3.500s] Level 1:colcon.colcon_core.environment:create_environment_scripts_only(web_led)
[3.502s] INFO:colcon.colcon_core.shell:Creating package descriptor '/home/alesha/ros2/ros2_ws/install/web_led/share/web_led/package.dsv'
[3.503s] INFO:colcon.colcon_core.shell:Creating package script '/home/alesha/ros2/ros2_ws/install/web_led/share/web_led/package.sh'
[3.505s] INFO:colcon.colcon_core.shell:Creating package script '/home/alesha/ros2/ros2_ws/install/web_led/share/web_led/package.bash'
[3.507s] INFO:colcon.colcon_core.shell:Creating package script '/home/alesha/ros2/ros2_ws/install/web_led/share/web_led/package.zsh'
[3.509s] Level 1:colcon.colcon_core.environment:create_file_with_runtime_dependencies(/home/alesha/ros2/ros2_ws/install/web_led/share/colcon-core/packages/web_led)
[3.619s] Level 1:colcon.colcon_core.shell:create_environment_hook('led_control', 'pythonpath_develop')
[3.620s] INFO:colcon.colcon_core.shell:Creating environment descriptor '/home/alesha/ros2/ros2_ws/build/led_control/share/led_control/hook/pythonpath_develop.dsv'
[3.621s] INFO:colcon.colcon_core.shell:Creating environment hook '/home/alesha/ros2/ros2_ws/build/led_control/share/led_control/hook/pythonpath_develop.sh'
[3.622s] Level 1:colcon.colcon_core.environment:checking '/home/alesha/ros2/ros2_ws/install/led_control' for CMake module files
[3.620s] DEBUG:colcon.colcon_core.event_handler.log_command:Invoked command in '/home/alesha/ros2/ros2_ws/build/led_control' returned '0': PYTHONPATH=/home/alesha/ros2/ros2_ws/build/led_control/prefix_override:/usr/lib/python3/dist-packages/colcon_core/task/python/colcon_distutils_commands:/home/alesha/ros2/ros2_ws/install/led_control/lib/python3.12/site-packages:${PYTHONPATH} /usr/bin/python3 -W ignore:setup.py install is deprecated -W ignore:easy_install command is deprecated setup.py develop --editable --build-directory /home/alesha/ros2/ros2_ws/build/led_control/build --no-deps symlink_data
[3.623s] Level 1:colcon.colcon_core.environment:checking '/home/alesha/ros2/ros2_ws/install/led_control' for CMake config files
[3.624s] Level 1:colcon.colcon_core.environment:checking '/home/alesha/ros2/ros2_ws/install/led_control/lib'
[3.624s] Level 1:colcon.colcon_core.environment:checking '/home/alesha/ros2/ros2_ws/install/led_control/bin'
[3.624s] Level 1:colcon.colcon_core.environment:checking '/home/alesha/ros2/ros2_ws/install/led_control/lib/pkgconfig/led_control.pc'
[3.625s] Level 1:colcon.colcon_core.environment:checking '/home/alesha/ros2/ros2_ws/install/led_control/lib/python3.12/site-packages'
[3.625s] Level 1:colcon.colcon_core.shell:create_environment_hook('led_control', 'pythonpath')
[3.625s] INFO:colcon.colcon_core.shell:Creating environment descriptor '/home/alesha/ros2/ros2_ws/install/led_control/share/led_control/hook/pythonpath.dsv'
[3.626s] INFO:colcon.colcon_core.shell:Creating environment hook '/home/alesha/ros2/ros2_ws/install/led_control/share/led_control/hook/pythonpath.sh'
[3.627s] Level 1:colcon.colcon_core.environment:checking '/home/alesha/ros2/ros2_ws/install/led_control/bin'
[3.628s] Level 1:colcon.colcon_core.environment:create_environment_scripts_only(led_control)
[3.628s] INFO:colcon.colcon_core.shell:Creating package descriptor '/home/alesha/ros2/ros2_ws/install/led_control/share/led_control/package.dsv'
[3.629s] INFO:colcon.colcon_core.shell:Creating package script '/home/alesha/ros2/ros2_ws/install/led_control/share/led_control/package.sh'
[3.630s] INFO:colcon.colcon_core.shell:Creating package script '/home/alesha/ros2/ros2_ws/install/led_control/share/led_control/package.bash'
[3.630s] INFO:colcon.colcon_core.shell:Creating package script '/home/alesha/ros2/ros2_ws/install/led_control/share/led_control/package.zsh'
[3.630s] Level 1:colcon.colcon_core.environment:create_file_with_runtime_dependencies(/home/alesha/ros2/ros2_ws/install/led_control/share/colcon-core/packages/led_control)
[3.632s] INFO:colcon.colcon_ros.task.ament_python.build:Building ROS package in '/home/alesha/ros2/ros2_ws/src/robot_bringup' with build type 'ament_python'
[3.632s] Level 1:colcon.colcon_core.shell:create_environment_hook('robot_bringup', 'ament_prefix_path')
[3.632s] INFO:colcon.colcon_core.shell:Creating environment descriptor '/home/alesha/ros2/ros2_ws/install/robot_bringup/share/robot_bringup/hook/ament_prefix_path.dsv'
[3.633s] INFO:colcon.colcon_core.shell:Creating environment hook '/home/alesha/ros2/ros2_ws/install/robot_bringup/share/robot_bringup/hook/ament_prefix_path.sh'
[3.634s] DEBUG:colcon.colcon_core.shell:Skip shell extension 'dsv' for command environment
[4.047s] INFO:colcon.colcon_core.task.python.build:Building Python package in '/home/alesha/ros2/ros2_ws/src/robot_bringup'
[4.048s] DEBUG:colcon.colcon_core.shell:Skip shell extension 'dsv' for command environment
[4.892s] DEBUG:colcon.colcon_core.event_handler.log_command:Invoking command in '/home/alesha/ros2/ros2_ws/build/robot_bringup': AMENT_PREFIX_PATH=/home/alesha/ros2/ros2_ws/install/web_led:/home/alesha/ros2/ros2_ws/install/led_control:/home/alesha/ros2/ros2_ws/install/robot_bringup:/opt/ros/jazzy PYTHONPATH=/home/alesha/ros2/ros2_ws/build/robot_bringup/prefix_override:/usr/lib/python3/dist-packages/colcon_core/task/python/colcon_distutils_commands:/home/alesha/ros2/ros2_ws/install/robot_bringup/lib/python3.12/site-packages:/home/alesha/ros2/ros2_ws/build/web_led:/home/alesha/ros2/ros2_ws/install/web_led/lib/python3.12/site-packages:/home/alesha/ros2/ros2_ws/build/led_control:/home/alesha/ros2/ros2_ws/install/led_control/lib/python3.12/site-packages:/home/alesha/ros2/ros2_ws/build/robot_bringup:/home/alesha/ros2/ros2_ws/install/robot_bringup/lib/python3.12/site-packages:/opt/ros/jazzy/lib/python3.12/site-packages /usr/bin/python3 -W ignore:setup.py install is deprecated -W ignore:easy_install command is deprecated setup.py develop --editable --build-directory /home/alesha/ros2/ros2_ws/build/robot_bringup/build --no-deps symlink_data
[5.769s] Level 1:colcon.colcon_core.shell:create_environment_hook('robot_bringup', 'pythonpath_develop')
[5.769s] DEBUG:colcon.colcon_core.event_handler.log_command:Invoked command in '/home/alesha/ros2/ros2_ws/build/robot_bringup' returned '0': AMENT_PREFIX_PATH=/home/alesha/ros2/ros2_ws/install/web_led:/home/alesha/ros2/ros2_ws/install/led_control:/home/alesha/ros2/ros2_ws/install/robot_bringup:/opt/ros/jazzy PYTHONPATH=/home/alesha/ros2/ros2_ws/build/robot_bringup/prefix_override:/usr/lib/python3/dist-packages/colcon_core/task/python/colcon_distutils_commands:/home/alesha/ros2/ros2_ws/install/robot_bringup/lib/python3.12/site-packages:/home/alesha/ros2/ros2_ws/build/web_led:/home/alesha/ros2/ros2_ws/install/web_led/lib/python3.12/site-packages:/home/alesha/ros2/ros2_ws/build/led_control:/home/alesha/ros2/ros2_ws/install/led_control/lib/python3.12/site-packages:/home/alesha/ros2/ros2_ws/build/robot_bringup:/home/alesha/ros2/ros2_ws/install/robot_bringup/lib/python3.12/site-packages:/opt/ros/jazzy/lib/python3.12/site-packages /usr/bin/python3 -W ignore:setup.py install is deprecated -W ignore:easy_install command is deprecated setup.py develop --editable --build-directory /home/alesha/ros2/ros2_ws/build/robot_bringup/build --no-deps symlink_data
[5.770s] INFO:colcon.colcon_core.shell:Creating environment descriptor '/home/alesha/ros2/ros2_ws/build/robot_bringup/share/robot_bringup/hook/pythonpath_develop.dsv'
[5.771s] INFO:colcon.colcon_core.shell:Creating environment hook '/home/alesha/ros2/ros2_ws/build/robot_bringup/share/robot_bringup/hook/pythonpath_develop.sh'
[5.772s] Level 1:colcon.colcon_core.environment:checking '/home/alesha/ros2/ros2_ws/install/robot_bringup' for CMake module files
[5.772s] Level 1:colcon.colcon_core.environment:checking '/home/alesha/ros2/ros2_ws/install/robot_bringup' for CMake config files
[5.773s] Level 1:colcon.colcon_core.environment:checking '/home/alesha/ros2/ros2_ws/install/robot_bringup/lib'
[5.773s] Level 1:colcon.colcon_core.environment:checking '/home/alesha/ros2/ros2_ws/install/robot_bringup/bin'
[5.773s] Level 1:colcon.colcon_core.shell:create_environment_hook('robot_bringup', 'path')
[5.773s] INFO:colcon.colcon_core.shell:Creating environment descriptor '/home/alesha/ros2/ros2_ws/install/robot_bringup/share/robot_bringup/hook/path.dsv'
[5.774s] INFO:colcon.colcon_core.shell:Creating environment hook '/home/alesha/ros2/ros2_ws/install/robot_bringup/share/robot_bringup/hook/path.sh'
[5.774s] Level 1:colcon.colcon_core.environment:checking '/home/alesha/ros2/ros2_ws/install/robot_bringup/lib/pkgconfig/robot_bringup.pc'
[5.775s] Level 1:colcon.colcon_core.environment:checking '/home/alesha/ros2/ros2_ws/install/robot_bringup/lib/python3.12/site-packages'
[5.775s] Level 1:colcon.colcon_core.shell:create_environment_hook('robot_bringup', 'pythonpath')
[5.775s] INFO:colcon.colcon_core.shell:Creating environment descriptor '/home/alesha/ros2/ros2_ws/install/robot_bringup/share/robot_bringup/hook/pythonpath.dsv'
[5.776s] INFO:colcon.colcon_core.shell:Creating environment hook '/home/alesha/ros2/ros2_ws/install/robot_bringup/share/robot_bringup/hook/pythonpath.sh'
[5.776s] Level 1:colcon.colcon_core.environment:checking '/home/alesha/ros2/ros2_ws/install/robot_bringup/bin'
[5.777s] Level 1:colcon.colcon_core.shell:create_environment_hook('robot_bringup', 'pythonscriptspath')
[5.777s] INFO:colcon.colcon_core.shell:Creating environment descriptor '/home/alesha/ros2/ros2_ws/install/robot_bringup/share/robot_bringup/hook/pythonscriptspath.dsv'
[5.777s] INFO:colcon.colcon_core.shell:Creating environment hook '/home/alesha/ros2/ros2_ws/install/robot_bringup/share/robot_bringup/hook/pythonscriptspath.sh'
[5.778s] Level 1:colcon.colcon_core.environment:create_environment_scripts_only(robot_bringup)
[5.778s] INFO:colcon.colcon_core.shell:Creating package descriptor '/home/alesha/ros2/ros2_ws/install/robot_bringup/share/robot_bringup/package.dsv'
[5.779s] INFO:colcon.colcon_core.shell:Creating package script '/home/alesha/ros2/ros2_ws/install/robot_bringup/share/robot_bringup/package.sh'
[5.780s] INFO:colcon.colcon_core.shell:Creating package script '/home/alesha/ros2/ros2_ws/install/robot_bringup/share/robot_bringup/package.bash'
[5.780s] INFO:colcon.colcon_core.shell:Creating package script '/home/alesha/ros2/ros2_ws/install/robot_bringup/share/robot_bringup/package.zsh'
[5.780s] Level 1:colcon.colcon_core.environment:create_file_with_runtime_dependencies(/home/alesha/ros2/ros2_ws/install/robot_bringup/share/colcon-core/packages/robot_bringup)
[5.781s] DEBUG:colcon.colcon_parallel_executor.executor.parallel:closing loop
[5.781s] DEBUG:colcon.colcon_parallel_executor.executor.parallel:loop closed
[5.781s] DEBUG:colcon.colcon_parallel_executor.executor.parallel:run_until_complete finished with '0'
[5.781s] DEBUG:colcon.colcon_core.event_reactor:joining thread
[5.795s] INFO:colcon.colcon_core.plugin_system:Skipping extension 'colcon_notification.desktop_notification.notify_send': Could not find 'notify-send'
[5.795s] INFO:colcon.colcon_core.plugin_system:Skipping extension 'colcon_notification.desktop_notification.terminal_notifier': Not used on non-Darwin systems
[5.795s] INFO:colcon.colcon_core.plugin_system:Skipping extension 'colcon_notification.desktop_notification.win32': Not used on non-Windows systems
[5.795s] INFO:colcon.colcon_notification.desktop_notification:Sending desktop notification using 'notify2'
[5.797s] DEBUG:colcon.colcon_notification.desktop_notification.notify2:Failed to initialize notify2: org.freedesktop.DBus.Error.ServiceUnknown: The name org.freedesktop.Notifications was not provided by any .service files
[5.797s] DEBUG:colcon.colcon_core.event_reactor:joined thread
[5.797s] INFO:colcon.colcon_core.shell:Creating prefix script '/home/alesha/ros2/ros2_ws/install/local_setup.sh'
[5.798s] INFO:colcon.colcon_core.shell:Creating prefix util module '/home/alesha/ros2/ros2_ws/install/_local_setup_util_sh.py'
[5.803s] INFO:colcon.colcon_core.shell:Creating prefix chain script '/home/alesha/ros2/ros2_ws/install/setup.sh'
[5.806s] INFO:colcon.colcon_core.shell:Creating prefix script '/home/alesha/ros2/ros2_ws/install/local_setup.bash'
[5.808s] INFO:colcon.colcon_core.shell:Creating prefix chain script '/home/alesha/ros2/ros2_ws/install/setup.bash'
[5.810s] INFO:colcon.colcon_core.shell:Creating prefix script '/home/alesha/ros2/ros2_ws/install/local_setup.zsh'
[5.811s] INFO:colcon.colcon_core.shell:Creating prefix chain script '/home/alesha/ros2/ros2_ws/install/setup.zsh'
