running develop
running egg_info
creating web_led.egg-info
writing web_led.egg-info/PKG-INFO
writing dependency_links to web_led.egg-info/dependency_links.txt
writing entry points to web_led.egg-info/entry_points.txt
writing requirements to web_led.egg-info/requires.txt
writing top-level names to web_led.egg-info/top_level.txt
writing manifest file 'web_led.egg-info/SOURCES.txt'
reading manifest file 'web_led.egg-info/SOURCES.txt'
writing manifest file 'web_led.egg-info/SOURCES.txt'
running build_ext
Creating /home/alesha/ros2/ros2_ws/install/web_led/lib/python3.12/site-packages/web-led.egg-link (link to .)
Installing web_led_app script to /home/alesha/ros2/ros2_ws/install/web_led/lib/web_led

Installed /home/alesha/ros2/ros2_ws/build/web_led
running symlink_data
creating /home/alesha/ros2/ros2_ws/install/web_led/share/ament_index
creating /home/alesha/ros2/ros2_ws/install/web_led/share/ament_index/resource_index
creating /home/alesha/ros2/ros2_ws/install/web_led/share/ament_index/resource_index/packages
symbolically linking /home/alesha/ros2/ros2_ws/build/web_led/resource/web_led -> /home/alesha/ros2/ros2_ws/install/web_led/share/ament_index/resource_index/packages
symbolically linking /home/alesha/ros2/ros2_ws/build/web_led/package.xml -> /home/alesha/ros2/ros2_ws/install/web_led/share/web_led
